2022.01.16 07:52:58 INFO  tracing is disabled for protocol LSP, to enable tracing of incoming and outgoing JSON messages create an empty file at c:\Users\Titus\code\scala\mock-piq-v2\.metals\lsp.trace.json or C:\Users\Titus\AppData\Local\scalameta\metals\cache\lsp.trace.json
2022.01.16 07:52:59 INFO  logging to file C:\Users\Titus\code\scala\mock-piq-v2\.metals\metals.log
2022.01.16 07:52:59 INFO  Started: Metals version 0.11.0 in workspace 'C:\Users\Titus\code\scala\mock-piq-v2' for client Visual Studio Code 1.63.2.
2022.01.16 07:52:59 INFO  Parse release: 14.0.2
2022.01.16 07:53:01 INFO  time: initialize in 2.57s
2022.01.16 07:53:02 WARN  Build server is not auto-connectable.
2022.01.16 07:53:26 INFO  running 'C:\Program Files\Java\jdk-14.0.2\bin\java -Djline.terminal=jline.UnsupportedTerminal -Dsbt.log.noformat=true -Dfile.encoding=UTF-8 -jar C:\Users\Titus\AppData\Local\Temp\metals11134088315002023227\sbt-launch.jar -Dbloop.export-jar-classifiers=sources bloopInstall'
2022.01.16 07:53:27 INFO  [info] welcome to sbt 1.5.2 (Oracle Corporation Java 14.0.2)
2022.01.16 07:53:28 INFO  [info] loading global plugins from C:\Users\Titus\.sbt\1.0\plugins
2022.01.16 07:53:33 INFO  [info] loading settings for project mock-piq-v2-build-build-build from metals.sbt ...
2022.01.16 07:53:33 INFO  [info] loading project definition from C:\Users\Titus\code\scala\mock-piq-v2\project\project\project
2022.01.16 07:53:34 INFO  [info] loading settings for project mock-piq-v2-build-build from metals.sbt ...
2022.01.16 07:53:34 INFO  [info] loading project definition from C:\Users\Titus\code\scala\mock-piq-v2\project\project
2022.01.16 07:53:36 WARN  no build target for: C:\Users\Titus\code\scala\mock-piq-v2\app\controllers\PaymentIQController.scala
2022.01.16 07:53:37 INFO  [success] Generated .bloop\mock-piq-v2-build-build.json
2022.01.16 07:53:37 INFO  [success] Total time: 3 s, completed 16 Jan 2022, 07:53:37
2022.01.16 07:53:38 INFO  [info] loading settings for project mock-piq-v2-build from metals.sbt,plugins.sbt ...
2022.01.16 07:53:38 INFO  [info] loading project definition from C:\Users\Titus\code\scala\mock-piq-v2\project
2022.01.16 07:53:43 INFO  no build target found for C:\Users\Titus\code\scala\mock-piq-v2\app\controllers\PaymentIQController.scala. Using presentation compiler with project's scala-library version: 3.1.0
2022.01.16 07:53:43 INFO  [success] Generated .bloop\mock-piq-v2-build.json
2022.01.16 07:53:43 INFO  [success] Total time: 5 s, completed 16 Jan 2022, 07:53:44
2022.01.16 07:53:46 INFO  time: code lens generation in 8.96s
2022.01.16 07:53:47 INFO  [info] loading settings for project root from build.sbt ...
2022.01.16 07:53:47 INFO  [info]   __              __
2022.01.16 07:53:47 INFO  [info]   \ \     ____   / /____ _ __  __
2022.01.16 07:53:47 INFO  [info]    \ \   / __ \ / // __ `// / / /
2022.01.16 07:53:47 INFO  [info]    / /  / /_/ // // /_/ // /_/ /
2022.01.16 07:53:47 INFO  [info]   /_/  / .___//_/ \__,_/ \__, /
2022.01.16 07:53:47 INFO  [info]       /_/               /____/
2022.01.16 07:53:47 INFO  [info] 
2022.01.16 07:53:47 INFO  [info] Version 2.8.13 running Java 14.0.2
2022.01.16 07:53:47 INFO  [info] 
2022.01.16 07:53:47 INFO  [info] Play is run entirely by the community. If you want to keep using it please consider donating:
2022.01.16 07:53:47 INFO  [info] https://www.playframework.com/sponsors
2022.01.16 07:53:47 INFO  [info] 
2022.01.16 07:53:47 INFO  [info] !!!!!!!!!!!!!!!!!!!!!!!!!!!!!!!!!!!!!!!!!!!!!!!!!!!
2022.01.16 07:53:47 INFO  [info]   Java version is 14. Play supports only 8 and 11.
2022.01.16 07:53:47 INFO  [info] !!!!!!!!!!!!!!!!!!!!!!!!!!!!!!!!!!!!!!!!!!!!!!!!!!!
2022.01.16 07:53:47 INFO  [info] 
2022.01.16 07:53:49 INFO  [success] Generated .bloop\root.json
2022.01.16 07:53:49 INFO  [success] Generated .bloop\root-test.json
2022.01.16 07:53:49 INFO  [success] Total time: 1 s, completed 16 Jan 2022, 07:53:49
2022.01.16 07:53:49 INFO  time: ran 'sbt bloopInstall' in 23s
2022.01.16 07:53:49 INFO  Attempting to connect to the build server...
2022.01.16 07:53:58 INFO  tracing is disabled for protocol BSP, to enable tracing of incoming and outgoing JSON messages create an empty file at C:\Users\Titus\code\scala\mock-piq-v2\.metals\bsp.trace.json or C:\Users\Titus\AppData\Local\scalameta\metals\cache\bsp.trace.json
2022.01.16 07:54:00 INFO  Attempting to connect to the build server...
2022.01.16 07:54:00 INFO  Attempting to connect to the build server...
2022.01.16 07:54:00 INFO  tracing is disabled for protocol BSP, to enable tracing of incoming and outgoing JSON messages create an empty file at C:\Users\Titus\code\scala\mock-piq-v2\project\.metals\bsp.trace.json or C:\Users\Titus\AppData\Local\scalameta\metals\cache\bsp.trace.json
2022.01.16 07:54:00 INFO  tracing is disabled for protocol BSP, to enable tracing of incoming and outgoing JSON messages create an empty file at C:\Users\Titus\code\scala\mock-piq-v2\project\project\.metals\bsp.trace.json or C:\Users\Titus\AppData\Local\scalameta\metals\cache\bsp.trace.json
2022.01.16 07:54:00 INFO  time: Connected to build server in 12s
2022.01.16 07:54:00 INFO  Connected to Build server: Bloop v1.4.12
2022.01.16 07:54:01 INFO  time: Imported build in 0.14s
2022.01.16 07:54:10 INFO  time: indexed workspace in 8.54s
2022.01.16 07:54:12 INFO  compiling root (8 scala sources and 1 java source)
2022.01.16 07:54:26 INFO  compiling root-test (1 scala source)
2022.01.16 07:54:26 INFO  time: compiled root in 14s
2022.01.16 07:54:26 INFO  time: compiled root-test in 0.38s
2022.01.16 07:55:15 INFO  Disconnecting from Bloop session...
2022.01.16 07:55:15 INFO  Shut down connection with build server.
2022.01.16 07:55:15 INFO  Shut down connection with build server.
2022.01.16 07:55:15 INFO  Shut down connection with build server.
2022.01.16 07:55:15 INFO  Attempting to connect to the build server...
2022.01.16 07:55:15 INFO  tracing is disabled for protocol BSP, to enable tracing of incoming and outgoing JSON messages create an empty file at C:\Users\Titus\code\scala\mock-piq-v2\.metals\bsp.trace.json or C:\Users\Titus\AppData\Local\scalameta\metals\cache\bsp.trace.json
2022.01.16 07:55:15 INFO  Attempting to connect to the build server...
2022.01.16 07:55:15 INFO  Attempting to connect to the build server...
2022.01.16 07:55:15 INFO  tracing is disabled for protocol BSP, to enable tracing of incoming and outgoing JSON messages create an empty file at C:\Users\Titus\code\scala\mock-piq-v2\project\project\.metals\bsp.trace.json or C:\Users\Titus\AppData\Local\scalameta\metals\cache\bsp.trace.json
2022.01.16 07:55:15 INFO  tracing is disabled for protocol BSP, to enable tracing of incoming and outgoing JSON messages create an empty file at C:\Users\Titus\code\scala\mock-piq-v2\project\.metals\bsp.trace.json or C:\Users\Titus\AppData\Local\scalameta\metals\cache\bsp.trace.json
2022.01.16 07:55:15 INFO  time: Connected to build server in 79ms
2022.01.16 07:55:15 INFO  Connected to Build server: Bloop v1.4.12
2022.01.16 07:55:18 INFO  time: indexed workspace in 3.13s
2022.01.16 07:56:48 INFO  compiling root (1 scala source)
2022.01.16 07:56:48 INFO  time: compiled root in 0.35s
2022.01.16 07:56:53 INFO  compiling root (1 scala source)
2022.01.16 07:56:54 INFO  time: compiled root in 1.27s
2022.01.16 07:58:49 INFO  compiling root (1 scala source)
2022.01.16 07:58:49 INFO  time: compiled root in 0.11s
Jan 16, 2022 7:58:51 AM org.eclipse.lsp4j.jsonrpc.RemoteEndpoint handleCancellation
WARNING: Unmatched cancel notification for request id 111
2022.01.16 07:58:51 WARN  Could not load snapshot text for semanticdb
2022.01.16 07:58:52 WARN  Could not load snapshot text for semanticdb
2022.01.16 07:58:52 WARN  Could not load snapshot text for semanticdb
2022.01.16 07:58:53 INFO  compiling root (1 scala source)
2022.01.16 07:58:53 INFO  time: compiled root in 0.45s
2022.01.16 07:58:56 WARN  Could not load snapshot text for semanticdb
2022.01.16 07:58:57 WARN  Could not load snapshot text for semanticdb
2022.01.16 07:58:57 WARN  Could not load snapshot text for semanticdb
2022.01.16 07:58:58 INFO  compiling root (1 scala source)
2022.01.16 07:58:58 INFO  time: compiled root in 0.27s
2022.01.16 07:58:59 WARN  Could not load snapshot text for semanticdb
2022.01.16 07:59:00 INFO  compiling root (1 scala source)
2022.01.16 07:59:00 INFO  time: compiled root in 0.25s
2022.01.16 07:59:07 WARN  Could not load snapshot text for semanticdb
2022.01.16 07:59:07 WARN  Could not load snapshot text for semanticdb
2022.01.16 07:59:08 WARN  Could not load snapshot text for semanticdb
2022.01.16 07:59:08 INFO  compiling root (1 scala source)
2022.01.16 07:59:08 INFO  time: compiled root in 0.26s
2022.01.16 07:59:09 WARN  Could not load snapshot text for semanticdb
2022.01.16 07:59:11 INFO  compiling root (1 scala source)
2022.01.16 07:59:11 INFO  time: compiled root in 0.29s
2022.01.16 07:59:20 WARN  Could not load snapshot text for semanticdb
2022.01.16 07:59:20 WARN  Could not load snapshot text for semanticdb
2022.01.16 07:59:21 WARN  Could not load snapshot text for semanticdb
2022.01.16 07:59:22 INFO  compiling root (1 scala source)
2022.01.16 07:59:22 INFO  time: compiled root in 0.25s
2022.01.16 07:59:22 WARN  Could not load snapshot text for semanticdb
2022.01.16 07:59:22 WARN  Could not load snapshot text for semanticdb
2022.01.16 07:59:22 WARN  Could not load snapshot text for semanticdb
2022.01.16 07:59:23 WARN  Could not load snapshot text for semanticdb
2022.01.16 07:59:24 INFO  compiling root (1 scala source)
2022.01.16 07:59:24 INFO  time: compiled root in 0.28s
2022.01.16 08:00:02 WARN  Could not load snapshot text for semanticdb
2022.01.16 08:00:04 WARN  Could not load snapshot text for semanticdb
2022.01.16 08:00:05 WARN  Could not load snapshot text for semanticdb
2022.01.16 08:00:06 INFO  compiling root (1 scala source)
2022.01.16 08:00:06 INFO  time: compiled root in 0.24s
2022.01.16 08:00:12 WARN  Could not load snapshot text for semanticdb
2022.01.16 08:00:12 WARN  Could not load snapshot text for semanticdb
2022.01.16 08:00:13 INFO  compiling root (1 scala source)
2022.01.16 08:00:13 INFO  time: compiled root in 0.24s
2022.01.16 08:00:34 WARN  Could not load snapshot text for semanticdb
2022.01.16 08:00:34 INFO  compiling root (1 scala source)
2022.01.16 08:00:36 INFO  time: compiled root in 1.27s
2022.01.16 08:00:49 INFO  compiling root (1 scala source)
2022.01.16 08:00:49 INFO  time: compiled root in 0.21s
2022.01.16 08:00:52 INFO  compiling root (1 scala source)
2022.01.16 08:00:52 INFO  time: compiled root in 84ms
2022.01.16 08:00:56 INFO  compiling root (1 scala source)
2022.01.16 08:00:56 INFO  time: compiled root in 0.21s
2022.01.16 08:01:05 INFO  compiling root (1 scala source)
2022.01.16 08:01:05 INFO  time: compiled root in 88ms
2022.01.16 08:01:08 INFO  compiling root (1 scala source)
2022.01.16 08:01:08 INFO  time: compiled root in 0.21s
2022.01.16 08:01:18 INFO  compiling root (1 scala source)
2022.01.16 08:01:18 INFO  time: compiled root in 0.22s
2022.01.16 08:01:24 INFO  compiling root (1 scala source)
2022.01.16 08:01:26 INFO  time: compiled root in 1.24s
2022.01.16 08:03:05 INFO  compiling root (1 scala source)
2022.01.16 08:03:05 INFO  time: compiled root in 0.47s
2022.01.16 08:03:36 INFO  compiling root (1 scala source)
2022.01.16 08:03:36 INFO  time: compiled root in 0.46s
2022.01.16 08:03:41 INFO  compiling root (1 scala source)
2022.01.16 08:03:41 INFO  time: compiled root in 0.47s
2022.01.16 08:03:46 INFO  compiling root (1 scala source)
2022.01.16 08:03:46 INFO  time: compiled root in 78ms
2022.01.16 08:03:52 INFO  compiling root (1 scala source)
2022.01.16 08:03:52 INFO  time: compiled root in 90ms
2022.01.16 08:03:56 INFO  compiling root (1 scala source)
2022.01.16 08:03:56 INFO  time: compiled root in 85ms
2022.01.16 08:03:59 INFO  compiling root (1 scala source)
2022.01.16 08:03:59 INFO  time: compiled root in 87ms
2022.01.16 08:04:01 INFO  compiling root (1 scala source)
2022.01.16 08:04:01 INFO  time: compiled root in 89ms
2022.01.16 08:04:03 INFO  compiling root (1 scala source)
2022.01.16 08:04:03 INFO  time: compiled root in 83ms
2022.01.16 08:04:07 INFO  compiling root (1 scala source)
2022.01.16 08:04:07 INFO  time: compiled root in 0.48s
2022.01.16 08:04:10 INFO  compiling root (1 scala source)
2022.01.16 08:04:10 INFO  time: compiled root in 0.48s
2022.01.16 08:04:14 INFO  compiling root (1 scala source)
2022.01.16 08:04:14 INFO  time: compiled root in 0.1s
2022.01.16 08:04:16 INFO  compiling root (1 scala source)
2022.01.16 08:04:16 INFO  time: compiled root in 94ms
2022.01.16 08:04:18 INFO  compiling root (1 scala source)
2022.01.16 08:04:18 INFO  time: compiled root in 92ms
2022.01.16 08:04:23 INFO  compiling root (1 scala source)
2022.01.16 08:04:23 INFO  time: compiled root in 95ms
2022.01.16 08:04:31 INFO  compiling root (1 scala source)
2022.01.16 08:04:31 INFO  time: compiled root in 87ms
2022.01.16 08:04:37 INFO  compiling root (1 scala source)
2022.01.16 08:04:37 INFO  time: compiled root in 98ms
2022.01.16 08:04:40 INFO  compiling root (1 scala source)
2022.01.16 08:04:40 INFO  time: compiled root in 0.1s
2022.01.16 08:04:46 INFO  compiling root (1 scala source)
2022.01.16 08:04:46 INFO  time: compiled root in 0.1s
2022.01.16 08:04:48 INFO  compiling root (1 scala source)
2022.01.16 08:04:48 INFO  time: compiled root in 0.1s
2022.01.16 08:04:53 INFO  compiling root (1 scala source)
2022.01.16 08:04:53 INFO  time: compiled root in 0.58s
2022.01.16 08:04:57 INFO  compiling root (1 scala source)
2022.01.16 08:04:57 INFO  time: compiled root in 0.65s
2022.01.16 08:05:04 INFO  compiling root (1 scala source)
2022.01.16 08:05:04 INFO  time: compiled root in 0.76s
2022.01.16 08:05:07 INFO  compiling root (1 scala source)
2022.01.16 08:05:07 INFO  time: compiled root in 0.54s
2022.01.16 08:05:10 INFO  compiling root (1 scala source)
2022.01.16 08:05:10 INFO  time: compiled root in 0.57s
2022.01.16 08:05:12 INFO  Deduplicating compilation of root from bsp client 'Metals 0.11.0' (since 9m 57.638s)
2022.01.16 08:05:16 INFO  compiling root (1 scala source)
2022.01.16 08:05:16 INFO  time: compiled root in 88ms
2022.01.16 08:05:18 INFO  compiling root (1 scala source)
2022.01.16 08:05:18 INFO  time: compiled root in 85ms
2022.01.16 08:05:30 INFO  compiling root (1 scala source)
2022.01.16 08:05:30 INFO  time: compiled root in 0.22s
2022.01.16 08:05:38 INFO  compiling root (1 scala source)
2022.01.16 08:05:38 INFO  time: compiled root in 87ms
2022.01.16 08:05:38 INFO  compiling root (1 scala source)
2022.01.16 08:05:38 INFO  time: compiled root in 47ms
2022.01.16 08:05:47 INFO  compiling root (1 scala source)
2022.01.16 08:05:47 INFO  time: compiled root in 0.19s
Jan 16, 2022 8:05:49 AM scala.meta.internal.pc.CompilerAccess retryWithCleanCompiler
INFO: compiler crashed due to an error in the Scala compiler, retrying with new compiler instance.
2022.01.16 08:06:05 INFO  compiling root (1 scala source)
2022.01.16 08:06:05 INFO  time: compiled root in 0.2s
2022.01.16 08:06:12 INFO  compiling root (1 scala source)
2022.01.16 08:06:13 INFO  time: compiled root in 1.22s
2022.01.16 08:06:30 INFO  compiling root (1 scala source)
2022.01.16 08:06:31 INFO  time: compiled root in 1.02s
2022.01.16 08:06:33 INFO  compiling root (1 scala source)
2022.01.16 08:06:33 INFO  time: compiled root in 0.95s
2022.01.16 08:07:10 INFO  compiling root (1 scala source)
2022.01.16 08:07:11 INFO  time: compiled root in 1.17s
2022.01.16 08:07:19 INFO  compiling root (1 scala source)
2022.01.16 08:07:19 INFO  Deduplicating compilation of root from bsp client 'Metals 0.11.0' (since 12m 5.281s)
2022.01.16 08:07:19 INFO  compiling root (1 scala source)
2022.01.16 08:07:20 INFO  time: compiled root in 0.55s
2022.01.16 08:07:26 INFO  compiling root (1 scala source)
2022.01.16 08:07:26 WARN  Could not load snapshot text for semanticdb
2022.01.16 08:07:26 INFO  time: compiled root in 0.93s
2022.01.16 08:07:40 INFO  compiling root (1 scala source)
2022.01.16 08:07:40 INFO  time: compiled root in 0.94s
2022.01.16 08:07:47 INFO  compiling root (1 scala source)
2022.01.16 08:07:49 INFO  time: compiled root in 1.17s
2022.01.16 08:08:01 INFO  compiling root (1 scala source)
2022.01.16 08:08:01 INFO  time: compiled root in 0.2s
2022.01.16 08:08:03 INFO  compiling root (1 scala source)
2022.01.16 08:08:03 INFO  time: compiled root in 0.18s
2022.01.16 08:08:13 WARN  Could not load snapshot text for semanticdb
2022.01.16 08:08:13 WARN  Could not load snapshot text for semanticdb
2022.01.16 08:08:37 INFO  compiling root (1 scala source)
2022.01.16 08:08:37 INFO  time: compiled root in 0.9s
2022.01.16 08:08:40 INFO  compiling root (1 scala source)
2022.01.16 08:08:40 INFO  time: compiled root in 0.87s
2022.01.16 08:09:08 INFO  compiling root (1 scala source)
2022.01.16 08:09:08 INFO  time: compiled root in 0.92s
2022.01.16 08:09:13 INFO  compiling root (1 scala source)
2022.01.16 08:09:13 INFO  time: compiled root in 89ms
2022.01.16 08:09:15 INFO  compiling root (1 scala source)
2022.01.16 08:09:15 INFO  time: compiled root in 92ms
2022.01.16 08:09:19 INFO  compiling root (1 scala source)
2022.01.16 08:09:19 INFO  time: compiled root in 0.2s
2022.01.16 08:09:22 INFO  compiling root (1 scala source)
2022.01.16 08:09:22 INFO  time: compiled root in 0.19s
2022.01.16 08:09:24 INFO  compiling root (1 scala source)
2022.01.16 08:09:24 INFO  time: compiled root in 0.18s
2022.01.16 08:09:51 INFO  compiling root (1 scala source)
2022.01.16 08:09:51 INFO  time: compiled root in 0.18s
2022.01.16 08:09:53 INFO  compiling root (1 scala source)
2022.01.16 08:09:53 INFO  time: compiled root in 0.21s
2022.01.16 08:09:59 INFO  compiling root (1 scala source)
2022.01.16 08:09:59 INFO  time: compiled root in 0.2s
2022.01.16 08:10:01 INFO  compiling root (1 scala source)
2022.01.16 08:10:01 INFO  time: compiled root in 0.18s
2022.01.16 08:10:05 INFO  compiling root (1 scala source)
2022.01.16 08:10:05 INFO  time: compiled root in 0.18s
2022.01.16 08:10:09 INFO  compiling root (1 scala source)
2022.01.16 08:10:09 INFO  time: compiled root in 0.18s
2022.01.16 08:10:21 INFO  compiling root (1 scala source)
2022.01.16 08:10:21 INFO  time: compiled root in 0.18s
2022.01.16 08:10:24 INFO  compiling root (1 scala source)
2022.01.16 08:10:24 INFO  time: compiled root in 0.18s
2022.01.16 08:10:26 INFO  compiling root (1 scala source)
2022.01.16 08:10:26 INFO  time: compiled root in 0.19s
2022.01.16 08:10:29 INFO  compiling root (1 scala source)
2022.01.16 08:10:29 INFO  time: compiled root in 0.19s
2022.01.16 08:10:37 INFO  compiling root (1 scala source)
2022.01.16 08:10:37 INFO  time: compiled root in 0.18s
2022.01.16 08:10:40 INFO  compiling root (1 scala source)
2022.01.16 08:10:40 INFO  time: compiled root in 0.19s
2022.01.16 08:10:44 INFO  compiling root (1 scala source)
2022.01.16 08:10:44 INFO  time: compiled root in 0.18s
2022.01.16 08:10:46 INFO  compiling root (1 scala source)
2022.01.16 08:10:46 INFO  time: compiled root in 0.19s
2022.01.16 08:10:48 INFO  compiling root (1 scala source)
2022.01.16 08:10:48 INFO  time: compiled root in 0.18s
2022.01.16 08:10:52 INFO  compiling root (1 scala source)
2022.01.16 08:10:52 INFO  time: compiled root in 0.89s
2022.01.16 08:11:57 INFO  compiling root (1 scala source)
2022.01.16 08:11:57 INFO  time: compiled root in 0.19s
2022.01.16 08:11:59 INFO  compiling root (1 scala source)
2022.01.16 08:11:59 INFO  time: compiled root in 0.46s
2022.01.16 08:12:02 INFO  compiling root (1 scala source)
2022.01.16 08:12:02 INFO  time: compiled root in 0.95s
2022.01.16 08:13:01 INFO  compiling root (1 scala source)
2022.01.16 08:13:01 INFO  time: compiled root in 0.18s
2022.01.16 08:13:03 INFO  compiling root (1 scala source)
2022.01.16 08:13:03 INFO  time: compiled root in 0.89s
2022.01.16 08:13:15 INFO  compiling root (1 scala source)
2022.01.16 08:13:15 INFO  time: compiled root in 80ms
2022.01.16 08:13:20 INFO  compiling root (1 scala source)
2022.01.16 08:13:20 INFO  time: compiled root in 0.91s
2022.01.16 08:13:38 INFO  compiling root (1 scala source)
2022.01.16 08:13:38 INFO  time: compiled root in 0.89s
2022.01.16 08:13:50 INFO  compiling root (1 scala source)
2022.01.16 08:13:50 INFO  time: compiled root in 0.89s
2022.01.16 08:13:53 INFO  compiling root (1 scala source)
2022.01.16 08:13:53 WARN  Could not load snapshot text for semanticdb
2022.01.16 08:13:54 INFO  time: compiled root in 1.11s
2022.01.16 08:13:58 INFO  compiling root (1 scala source)
2022.01.16 08:13:58 INFO  time: compiled root in 0.96s
2022.01.16 08:14:40 INFO  compiling root (1 scala source)
2022.01.16 08:14:40 INFO  time: compiled root in 0.87s
2022.01.16 08:15:07 INFO  compiling root (1 scala source)
2022.01.16 08:15:07 INFO  time: compiled root in 0.88s
2022.01.16 08:15:11 INFO  compiling root (1 scala source)
2022.01.16 08:15:11 INFO  time: compiled root in 0.94s
2022.01.16 08:15:16 INFO  compiling root (1 scala source)
2022.01.16 08:15:16 INFO  time: compiled root in 0.18s
2022.01.16 08:15:20 INFO  compiling root (1 scala source)
2022.01.16 08:15:20 INFO  time: compiled root in 0.9s
2022.01.16 08:15:42 INFO  compiling root (1 scala source)
2022.01.16 08:15:42 INFO  time: compiled root in 0.92s
2022.01.16 08:23:55 INFO  compiling root (1 scala source)
2022.01.16 08:23:57 INFO  time: compiled root in 1.2s
2022.01.16 08:23:59 INFO  compiling root (1 scala source)
2022.01.16 08:23:59 WARN  Could not load snapshot text for semanticdb
2022.01.16 08:23:59 INFO  time: compiled root in 0.89s
2022.01.16 08:24:02 INFO  compiling root (1 scala source)
2022.01.16 08:24:02 INFO  time: compiled root in 0.93s
2022.01.16 08:24:14 INFO  compiling root (1 scala source)
2022.01.16 08:24:14 INFO  time: compiled root in 0.88s
2022.01.16 08:25:23 INFO  compiling root (1 scala source)
2022.01.16 08:25:23 INFO  time: compiled root in 0.89s
2022.01.16 08:25:26 INFO  compiling root (1 scala source)
2022.01.16 08:25:26 INFO  time: compiled root in 0.18s
2022.01.16 08:25:29 INFO  compiling root (1 scala source)
2022.01.16 08:25:29 INFO  time: compiled root in 0.18s
2022.01.16 08:25:49 WARN  Could not load snapshot text for semanticdb
2022.01.16 08:25:51 WARN  Could not load snapshot text for semanticdb
2022.01.16 08:25:51 INFO  compiling root (1 scala source)
2022.01.16 08:25:51 INFO  time: compiled root in 0.18s
2022.01.16 08:26:02 WARN  Could not load snapshot text for semanticdb
2022.01.16 08:26:02 WARN  Could not load snapshot text for semanticdb
2022.01.16 08:26:03 WARN  Could not load snapshot text for semanticdb
2022.01.16 08:26:04 WARN  Could not load snapshot text for semanticdb
2022.01.16 08:26:05 WARN  Could not load snapshot text for semanticdb
2022.01.16 08:26:05 WARN  Could not load snapshot text for semanticdb
2022.01.16 08:26:06 INFO  compiling root (1 scala source)
2022.01.16 08:26:06 INFO  time: compiled root in 0.17s
2022.01.16 08:26:06 WARN  Could not load snapshot text for semanticdb
2022.01.16 08:26:08 INFO  compiling root (1 scala source)
2022.01.16 08:26:08 INFO  time: compiled root in 0.18s
2022.01.16 08:26:09 WARN  Could not load snapshot text for semanticdb
2022.01.16 08:26:10 WARN  Could not load snapshot text for semanticdb
2022.01.16 08:26:10 WARN  Could not load snapshot text for semanticdb
2022.01.16 08:26:10 WARN  Could not load snapshot text for semanticdb
2022.01.16 08:26:12 WARN  Could not load snapshot text for semanticdb
2022.01.16 08:26:12 WARN  Could not load snapshot text for semanticdb
2022.01.16 08:26:13 WARN  Could not load snapshot text for semanticdb
2022.01.16 08:26:13 WARN  Could not load snapshot text for semanticdb
2022.01.16 08:26:15 WARN  Could not load snapshot text for semanticdb
2022.01.16 08:26:15 INFO  compiling root (1 scala source)
2022.01.16 08:26:15 INFO  time: compiled root in 0.18s
2022.01.16 08:26:17 WARN  Could not load snapshot text for semanticdb
2022.01.16 08:26:17 WARN  Could not load snapshot text for semanticdb
2022.01.16 08:26:19 INFO  compiling root (1 scala source)
2022.01.16 08:26:19 INFO  time: compiled root in 0.19s
2022.01.16 08:26:20 WARN  Could not load snapshot text for semanticdb
2022.01.16 08:26:21 INFO  compiling root (1 scala source)
2022.01.16 08:26:21 INFO  time: compiled root in 0.18s
2022.01.16 08:26:22 INFO  C:\Users\Titus\code\scala\mock-piq-v2\app\controllers\PaymentIQController.scala:38:14: stale bloop error: type mismatch;
 found   : play.api.mvc.Result
 required: play.api.mvc.Action[play.api.libs.json.JsValue]
      return BadRequest(Json.obj("errMsg" -> "400"))
             ^^^^^^^^^^^^^^^^^^^^^^^^^^^^^^^^^^^^^^^
2022.01.16 08:26:22 INFO  C:\Users\Titus\code\scala\mock-piq-v2\app\controllers\PaymentIQController.scala:38:14: stale bloop error: type mismatch;
 found   : play.api.mvc.Result
 required: play.api.mvc.Action[play.api.libs.json.JsValue]
      return BadRequest(Json.obj("errMsg" -> "400"))
             ^^^^^^^^^^^^^^^^^^^^^^^^^^^^^^^^^^^^^^^
2022.01.16 08:26:22 WARN  Could not load snapshot text for semanticdb
2022.01.16 08:26:22 INFO  C:\Users\Titus\code\scala\mock-piq-v2\app\controllers\PaymentIQController.scala:38:14: stale bloop error: type mismatch;
 found   : play.api.mvc.Result
 required: play.api.mvc.Action[play.api.libs.json.JsValue]
      return BadRequest(Json.obj("errMsg" -> "400"))
             ^^^^^^^^^^^^^^^^^^^^^^^^^^^^^^^^^^^^^^^
2022.01.16 08:26:22 INFO  C:\Users\Titus\code\scala\mock-piq-v2\app\controllers\PaymentIQController.scala:38:14: stale bloop error: type mismatch;
 found   : play.api.mvc.Result
 required: play.api.mvc.Action[play.api.libs.json.JsValue]
      return BadRequest(Json.obj("errMsg" -> "400"))
             ^^^^^^^^^^^^^^^^^^^^^^^^^^^^^^^^^^^^^^^
2022.01.16 08:26:22 WARN  Could not load snapshot text for semanticdb
2022.01.16 08:26:23 WARN  Could not load snapshot text for semanticdb
2022.01.16 08:26:24 INFO  compiling root (1 scala source)
2022.01.16 08:26:24 INFO  time: compiled root in 0.18s
2022.01.16 08:26:41 WARN  Could not load snapshot text for semanticdb
2022.01.16 08:26:43 WARN  Could not load snapshot text for semanticdb
2022.01.16 08:26:44 INFO  compiling root (1 scala source)
2022.01.16 08:26:44 INFO  time: compiled root in 0.18s
2022.01.16 08:26:46 INFO  compiling root (1 scala source)
2022.01.16 08:26:46 INFO  time: compiled root in 0.2s
2022.01.16 08:26:58 WARN  Could not load snapshot text for semanticdb
2022.01.16 08:26:58 WARN  Could not load snapshot text for semanticdb
2022.01.16 08:26:59 WARN  Could not load snapshot text for semanticdb
2022.01.16 08:26:59 WARN  Could not load snapshot text for semanticdb
2022.01.16 08:27:00 WARN  Could not load snapshot text for semanticdb
2022.01.16 08:26:59 WARN  Could not load snapshot text for semanticdb
2022.01.16 08:26:59 WARN  Could not load snapshot text for semanticdb
2022.01.16 08:27:02 WARN  Could not load snapshot text for semanticdb
2022.01.16 08:27:02 WARN  Could not load snapshot text for semanticdb
2022.01.16 08:27:46 WARN  Could not load snapshot text for semanticdb
2022.01.16 08:27:46 WARN  Could not load snapshot text for semanticdb
2022.01.16 08:27:48 WARN  Could not load snapshot text for semanticdb
2022.01.16 08:27:48 WARN  Could not load snapshot text for semanticdb
2022.01.16 08:27:48 WARN  Could not load snapshot text for semanticdb
2022.01.16 08:27:48 WARN  Could not load snapshot text for semanticdb
2022.01.16 08:27:48 WARN  Could not load snapshot text for semanticdb
2022.01.16 08:27:48 WARN  Could not load snapshot text for semanticdb
2022.01.16 08:27:48 WARN  Could not load snapshot text for semanticdb
2022.01.16 08:27:49 INFO  compiling root (1 scala source)
2022.01.16 08:27:49 INFO  time: compiled root in 0.17s
2022.01.16 08:27:50 WARN  Could not load snapshot text for semanticdb
2022.01.16 08:27:50 WARN  Could not load snapshot text for semanticdb
2022.01.16 08:27:51 INFO  compiling root (1 scala source)
2022.01.16 08:27:51 INFO  time: compiled root in 0.18s
2022.01.16 08:28:00 WARN  Could not load snapshot text for semanticdb
2022.01.16 08:28:00 WARN  Could not load snapshot text for semanticdb
2022.01.16 08:28:01 INFO  compiling root (1 scala source)
2022.01.16 08:28:01 INFO  time: compiled root in 0.18s
2022.01.16 08:28:10 WARN  Could not load snapshot text for semanticdb
2022.01.16 08:28:10 WARN  Could not load snapshot text for semanticdb
2022.01.16 08:28:11 INFO  compiling root (1 scala source)
2022.01.16 08:28:11 INFO  time: compiled root in 0.18s
2022.01.16 08:28:12 WARN  Could not load snapshot text for semanticdb
2022.01.16 08:28:12 WARN  Could not load snapshot text for semanticdb
2022.01.16 08:28:13 WARN  Could not load snapshot text for semanticdb
2022.01.16 08:28:13 WARN  Could not load snapshot text for semanticdb
2022.01.16 08:28:13 WARN  Could not load snapshot text for semanticdb
2022.01.16 08:28:12 WARN  Could not load snapshot text for semanticdb
2022.01.16 08:28:14 INFO  compiling root (1 scala source)
2022.01.16 08:28:14 INFO  time: compiled root in 0.18s
2022.01.16 08:28:44 WARN  Could not load snapshot text for semanticdb
2022.01.16 08:28:46 WARN  Could not load snapshot text for semanticdb
2022.01.16 08:28:47 WARN  Could not load snapshot text for semanticdb
2022.01.16 08:28:47 WARN  Could not load snapshot text for semanticdb
2022.01.16 08:28:48 WARN  Could not load snapshot text for semanticdb
2022.01.16 08:28:48 WARN  Could not load snapshot text for semanticdb
2022.01.16 08:28:49 INFO  compiling root (1 scala source)
2022.01.16 08:28:49 INFO  time: compiled root in 0.21s
2022.01.16 08:28:51 INFO  compiling root (1 scala source)
2022.01.16 08:28:51 INFO  time: compiled root in 0.19s
2022.01.16 08:29:08 WARN  Could not load snapshot text for semanticdb
2022.01.16 08:29:08 WARN  Could not load snapshot text for semanticdb
2022.01.16 08:29:10 WARN  Could not load snapshot text for semanticdb
2022.01.16 08:29:10 WARN  Could not load snapshot text for semanticdb
2022.01.16 08:29:11 INFO  compiling root (1 scala source)
2022.01.16 08:29:11 INFO  time: compiled root in 0.18s
2022.01.16 08:29:12 WARN  Could not load snapshot text for semanticdb
2022.01.16 08:29:12 WARN  Could not load snapshot text for semanticdb
2022.01.16 08:29:12 WARN  Could not load snapshot text for semanticdb
2022.01.16 08:29:12 WARN  Could not load snapshot text for semanticdb
2022.01.16 08:29:13 WARN  Could not load snapshot text for semanticdb
2022.01.16 08:29:13 WARN  Could not load snapshot text for semanticdb
2022.01.16 08:29:12 WARN  Could not load snapshot text for semanticdb
2022.01.16 08:29:14 INFO  compiling root (1 scala source)
2022.01.16 08:29:14 INFO  time: compiled root in 0.2s
2022.01.16 08:29:15 WARN  Could not load snapshot text for semanticdb
2022.01.16 08:29:15 WARN  Could not load snapshot text for semanticdb
2022.01.16 08:29:16 INFO  compiling root (1 scala source)
2022.01.16 08:29:16 INFO  time: compiled root in 0.18s
2022.01.16 08:29:27 WARN  Could not load snapshot text for semanticdb
2022.01.16 08:29:28 WARN  Could not load snapshot text for semanticdb
2022.01.16 08:29:28 WARN  Could not load snapshot text for semanticdb
2022.01.16 08:29:28 WARN  Could not load snapshot text for semanticdb
2022.01.16 08:29:28 WARN  Could not load snapshot text for semanticdb
2022.01.16 08:29:29 WARN  Could not load snapshot text for semanticdb
2022.01.16 08:29:28 WARN  Could not load snapshot text for semanticdb
2022.01.16 08:29:29 WARN  Could not load snapshot text for semanticdb
2022.01.16 08:29:29 WARN  Could not load snapshot text for semanticdb
2022.01.16 08:29:30 INFO  compiling root (1 scala source)
2022.01.16 08:29:30 INFO  time: compiled root in 0.18s
2022.01.16 08:29:31 WARN  Could not load snapshot text for semanticdb
2022.01.16 08:29:31 WARN  Could not load snapshot text for semanticdb
2022.01.16 08:29:31 WARN  Could not load snapshot text for semanticdb
2022.01.16 08:29:31 WARN  Could not load snapshot text for semanticdb
2022.01.16 08:29:33 WARN  Could not load snapshot text for semanticdb
2022.01.16 08:29:33 WARN  Could not load snapshot text for semanticdb
2022.01.16 08:29:34 INFO  compiling root (1 scala source)
2022.01.16 08:29:34 INFO  time: compiled root in 0.17s
2022.01.16 08:29:34 WARN  Could not load snapshot text for semanticdb
2022.01.16 08:29:34 WARN  Could not load snapshot text for semanticdb
2022.01.16 08:29:34 WARN  Could not load snapshot text for semanticdb
2022.01.16 08:29:35 WARN  Could not load snapshot text for semanticdb
2022.01.16 08:29:35 WARN  Could not load snapshot text for semanticdb
2022.01.16 08:29:36 WARN  Could not load snapshot text for semanticdb
2022.01.16 08:29:35 WARN  Could not load snapshot text for semanticdb
2022.01.16 08:29:37 INFO  compiling root (1 scala source)
2022.01.16 08:29:37 INFO  time: compiled root in 0.17s
2022.01.16 08:29:52 WARN  Could not load snapshot text for semanticdb
2022.01.16 08:29:52 WARN  Could not load snapshot text for semanticdb
2022.01.16 08:29:53 INFO  compiling root (1 scala source)
2022.01.16 08:29:53 INFO  time: compiled root in 0.18s
2022.01.16 08:29:55 INFO  compiling root (1 scala source)
2022.01.16 08:29:55 INFO  time: compiled root in 0.18s
2022.01.16 08:30:11 WARN  Could not load snapshot text for semanticdb
2022.01.16 08:30:11 WARN  Could not load snapshot text for semanticdb
2022.01.16 08:30:12 WARN  Could not load snapshot text for semanticdb
2022.01.16 08:30:12 WARN  Could not load snapshot text for semanticdb
2022.01.16 08:30:13 WARN  Could not load snapshot text for semanticdb
2022.01.16 08:30:13 INFO  compiling root (1 scala source)
2022.01.16 08:30:13 WARN  Could not load snapshot text for semanticdb
2022.01.16 08:30:13 INFO  time: compiled root in 0.18s
2022.01.16 08:30:14 WARN  Could not load snapshot text for semanticdb
2022.01.16 08:30:13 WARN  Could not load snapshot text for semanticdb
2022.01.16 08:30:14 WARN  Could not load snapshot text for semanticdb
2022.01.16 08:30:13 WARN  Could not load snapshot text for semanticdb
2022.01.16 08:30:16 INFO  compiling root (1 scala source)
2022.01.16 08:30:16 INFO  time: compiled root in 0.17s
2022.01.16 08:30:27 WARN  Could not load snapshot text for semanticdb
2022.01.16 08:30:27 WARN  Could not load snapshot text for semanticdb
2022.01.16 08:30:28 INFO  compiling root (1 scala source)
2022.01.16 08:30:28 INFO  time: compiled root in 0.18s
2022.01.16 08:30:32 WARN  Could not load snapshot text for semanticdb
2022.01.16 08:30:33 WARN  Could not load snapshot text for semanticdb
2022.01.16 08:30:33 WARN  Could not load snapshot text for semanticdb
2022.01.16 08:30:33 WARN  Could not load snapshot text for semanticdb
2022.01.16 08:30:34 WARN  Could not load snapshot text for semanticdb
2022.01.16 08:30:34 WARN  Could not load snapshot text for semanticdb
2022.01.16 08:30:34 WARN  Could not load snapshot text for semanticdb
2022.01.16 08:30:34 WARN  Could not load snapshot text for semanticdb
2022.01.16 08:30:34 INFO  compiling root (1 scala source)
2022.01.16 08:30:34 WARN  Could not load snapshot text for semanticdb
2022.01.16 08:30:34 WARN  Could not load snapshot text for semanticdb
2022.01.16 08:30:34 INFO  time: compiled root in 0.19s
2022.01.16 08:30:38 WARN  Could not load snapshot text for semanticdb
2022.01.16 08:30:40 WARN  Could not load snapshot text for semanticdb
2022.01.16 08:30:40 WARN  Could not load snapshot text for semanticdb
2022.01.16 08:30:40 WARN  Could not load snapshot text for semanticdb
2022.01.16 08:30:40 WARN  Could not load snapshot text for semanticdb
2022.01.16 08:30:40 WARN  Could not load snapshot text for semanticdb
2022.01.16 08:30:40 WARN  Could not load snapshot text for semanticdb
2022.01.16 08:30:40 WARN  Could not load snapshot text for semanticdb
2022.01.16 08:30:40 WARN  Could not load snapshot text for semanticdb
2022.01.16 08:30:40 WARN  Could not load snapshot text for semanticdb
2022.01.16 08:30:42 WARN  Could not load snapshot text for semanticdb
2022.01.16 08:30:42 INFO  compiling root (1 scala source)
2022.01.16 08:30:42 INFO  time: compiled root in 0.18s
2022.01.16 08:30:42 WARN  Could not load snapshot text for semanticdb
2022.01.16 08:30:44 INFO  compiling root (1 scala source)
2022.01.16 08:30:44 INFO  time: compiled root in 0.18s
2022.01.16 08:30:56 WARN  Could not load snapshot text for semanticdb
2022.01.16 08:30:57 WARN  Could not load snapshot text for semanticdb
2022.01.16 08:30:59 WARN  Could not load snapshot text for semanticdb
2022.01.16 08:30:59 WARN  Could not load snapshot text for semanticdb
2022.01.16 08:30:59 WARN  Could not load snapshot text for semanticdb
2022.01.16 08:30:59 WARN  Could not load snapshot text for semanticdb
2022.01.16 08:31:00 WARN  Could not load snapshot text for semanticdb
2022.01.16 08:30:59 WARN  Could not load snapshot text for semanticdb
2022.01.16 08:31:00 WARN  Could not load snapshot text for semanticdb
2022.01.16 08:30:59 WARN  Could not load snapshot text for semanticdb
2022.01.16 08:31:00 WARN  Could not load snapshot text for semanticdb
2022.01.16 08:31:01 INFO  compiling root (1 scala source)
2022.01.16 08:31:01 INFO  time: compiled root in 0.18s
2022.01.16 08:31:06 WARN  Could not load snapshot text for semanticdb
2022.01.16 08:31:06 WARN  Could not load snapshot text for semanticdb
2022.01.16 08:31:07 INFO  compiling root (1 scala source)
2022.01.16 08:31:07 INFO  time: compiled root in 0.18s
2022.01.16 08:31:10 WARN  Could not load snapshot text for semanticdb
2022.01.16 08:31:10 WARN  Could not load snapshot text for semanticdb
2022.01.16 08:31:10 WARN  Could not load snapshot text for semanticdb
2022.01.16 08:31:11 WARN  Could not load snapshot text for semanticdb
2022.01.16 08:31:12 INFO  compiling root (1 scala source)
2022.01.16 08:31:12 INFO  time: compiled root in 0.17s
2022.01.16 08:31:13 WARN  Could not load snapshot text for semanticdb
2022.01.16 08:31:14 WARN  Could not load snapshot text for semanticdb
2022.01.16 08:31:14 INFO  compiling root (1 scala source)
2022.01.16 08:31:14 INFO  time: compiled root in 78ms
2022.01.16 08:31:15 WARN  Could not load snapshot text for semanticdb
2022.01.16 08:31:15 WARN  Could not load snapshot text for semanticdb
2022.01.16 08:31:15 WARN  Could not load snapshot text for semanticdb
2022.01.16 08:31:15 WARN  Could not load snapshot text for semanticdb
2022.01.16 08:31:17 INFO  compiling root (1 scala source)
2022.01.16 08:31:17 INFO  time: compiled root in 0.18s
2022.01.16 08:31:17 WARN  Could not load snapshot text for semanticdb
2022.01.16 08:31:17 WARN  Could not load snapshot text for semanticdb
2022.01.16 08:31:19 INFO  compiling root (1 scala source)
2022.01.16 08:31:19 INFO  time: compiled root in 0.18s
2022.01.16 08:31:35 WARN  Could not load snapshot text for semanticdb
2022.01.16 08:31:35 WARN  Could not load snapshot text for semanticdb
2022.01.16 08:31:35 WARN  Could not load snapshot text for semanticdb
2022.01.16 08:32:17 WARN  Could not load snapshot text for semanticdb
2022.01.16 08:32:21 WARN  Could not load snapshot text for semanticdb
2022.01.16 08:32:25 WARN  Could not load snapshot text for semanticdb
2022.01.16 08:32:25 WARN  Could not load snapshot text for semanticdb
2022.01.16 08:32:26 WARN  Could not load snapshot text for semanticdb
2022.01.16 08:32:26 WARN  Could not load snapshot text for semanticdb
2022.01.16 08:32:25 WARN  Could not load snapshot text for semanticdb
2022.01.16 08:32:26 WARN  Could not load snapshot text for semanticdb
2022.01.16 08:32:25 WARN  Could not load snapshot text for semanticdb
2022.01.16 08:32:27 INFO  compiling root (1 scala source)
2022.01.16 08:32:27 INFO  time: compiled root in 0.18s
2022.01.16 08:32:28 WARN  Could not load snapshot text for semanticdb
2022.01.16 08:32:28 WARN  Could not load snapshot text for semanticdb
2022.01.16 08:32:28 WARN  Could not load snapshot text for semanticdb
2022.01.16 08:32:29 WARN  Could not load snapshot text for semanticdb
2022.01.16 08:32:28 WARN  Could not load snapshot text for semanticdb
2022.01.16 08:32:28 WARN  Could not load snapshot text for semanticdb
2022.01.16 08:32:29 WARN  Could not load snapshot text for semanticdb
2022.01.16 08:32:29 WARN  Could not load snapshot text for semanticdb
2022.01.16 08:32:29 WARN  Could not load snapshot text for semanticdb
2022.01.16 08:32:29 WARN  Could not load snapshot text for semanticdb
2022.01.16 08:32:30 WARN  Could not load snapshot text for semanticdb
2022.01.16 08:32:29 WARN  Could not load snapshot text for semanticdb
2022.01.16 08:32:31 INFO  compiling root (1 scala source)
2022.01.16 08:32:31 INFO  time: compiled root in 79ms
2022.01.16 08:32:35 WARN  Could not load snapshot text for semanticdb
2022.01.16 08:32:35 WARN  Could not load snapshot text for semanticdb
2022.01.16 08:32:36 WARN  Could not load snapshot text for semanticdb
2022.01.16 08:32:36 WARN  Could not load snapshot text for semanticdb
2022.01.16 08:32:37 INFO  compiling root (1 scala source)
2022.01.16 08:32:37 INFO  time: compiled root in 76ms
2022.01.16 08:32:44 WARN  Could not load snapshot text for semanticdb
2022.01.16 08:32:44 WARN  Could not load snapshot text for semanticdb
2022.01.16 08:32:45 WARN  Could not load snapshot text for semanticdb
2022.01.16 08:32:44 WARN  Could not load snapshot text for semanticdb
2022.01.16 08:32:44 WARN  Could not load snapshot text for semanticdb
2022.01.16 08:32:45 WARN  Could not load snapshot text for semanticdb
2022.01.16 08:32:46 WARN  Could not load snapshot text for semanticdb
2022.01.16 08:32:46 WARN  Could not load snapshot text for semanticdb
2022.01.16 08:32:46 WARN  Could not load snapshot text for semanticdb
2022.01.16 08:32:46 WARN  Could not load snapshot text for semanticdb
2022.01.16 08:32:46 WARN  Could not load snapshot text for semanticdb
2022.01.16 08:32:46 WARN  Could not load snapshot text for semanticdb
2022.01.16 08:32:46 WARN  Could not load snapshot text for semanticdb
2022.01.16 08:32:46 WARN  Could not load snapshot text for semanticdb
2022.01.16 08:32:46 WARN  Could not load snapshot text for semanticdb
2022.01.16 08:32:46 WARN  Could not load snapshot text for semanticdb
2022.01.16 08:32:47 WARN  Could not load snapshot text for semanticdb
2022.01.16 08:32:47 WARN  Could not load snapshot text for semanticdb
2022.01.16 08:32:47 WARN  Could not load snapshot text for semanticdb
2022.01.16 08:32:47 WARN  Could not load snapshot text for semanticdb
2022.01.16 08:32:48 INFO  compiling root (1 scala source)
2022.01.16 08:32:48 INFO  time: compiled root in 82ms
2022.01.16 08:32:48 WARN  Could not load snapshot text for semanticdb
2022.01.16 08:32:48 WARN  Could not load snapshot text for semanticdb
2022.01.16 08:32:48 WARN  Could not load snapshot text for semanticdb
2022.01.16 08:32:49 WARN  Could not load snapshot text for semanticdb
2022.01.16 08:32:48 WARN  Could not load snapshot text for semanticdb
2022.01.16 08:32:48 WARN  Could not load snapshot text for semanticdb
2022.01.16 08:32:50 WARN  Could not load snapshot text for semanticdb
2022.01.16 08:32:50 WARN  Could not load snapshot text for semanticdb
2022.01.16 08:32:51 INFO  compiling root (1 scala source)
2022.01.16 08:32:51 INFO  time: compiled root in 0.18s
2022.01.16 08:32:51 WARN  Could not load snapshot text for semanticdb
2022.01.16 08:32:51 WARN  Could not load snapshot text for semanticdb
2022.01.16 08:32:53 INFO  compiling root (1 scala source)
2022.01.16 08:32:53 INFO  time: compiled root in 0.18s
2022.01.16 08:32:58 WARN  Could not load snapshot text for semanticdb
2022.01.16 08:32:58 WARN  Could not load snapshot text for semanticdb
2022.01.16 08:32:58 WARN  Could not load snapshot text for semanticdb
2022.01.16 08:32:58 WARN  Could not load snapshot text for semanticdb
2022.01.16 08:32:59 INFO  compiling root (1 scala source)
2022.01.16 08:32:59 INFO  time: compiled root in 0.18s
2022.01.16 08:32:59 WARN  Could not load snapshot text for semanticdb
2022.01.16 08:32:59 WARN  Could not load snapshot text for semanticdb
2022.01.16 08:32:59 WARN  Could not load snapshot text for semanticdb
2022.01.16 08:33:00 WARN  Could not load snapshot text for semanticdb
2022.01.16 08:33:01 WARN  Could not load snapshot text for semanticdb
2022.01.16 08:33:01 WARN  Could not load snapshot text for semanticdb
2022.01.16 08:33:01 INFO  compiling root (1 scala source)
2022.01.16 08:33:01 INFO  time: compiled root in 80ms
2022.01.16 08:33:03 WARN  Could not load snapshot text for semanticdb
2022.01.16 08:33:03 WARN  Could not load snapshot text for semanticdb
2022.01.16 08:33:03 INFO  compiling root (1 scala source)
2022.01.16 08:33:03 INFO  time: compiled root in 75ms
2022.01.16 08:33:04 WARN  Could not load snapshot text for semanticdb
2022.01.16 08:33:04 WARN  Could not load snapshot text for semanticdb
2022.01.16 08:33:05 WARN  Could not load snapshot text for semanticdb
2022.01.16 08:33:05 WARN  Could not load snapshot text for semanticdb
2022.01.16 08:33:05 WARN  Could not load snapshot text for semanticdb
2022.01.16 08:33:05 WARN  Could not load snapshot text for semanticdb
2022.01.16 08:33:05 INFO  compiling root (1 scala source)
2022.01.16 08:33:05 INFO  time: compiled root in 79ms
2022.01.16 08:33:08 INFO  compiling root (1 scala source)
2022.01.16 08:33:08 INFO  time: compiled root in 82ms
2022.01.16 08:33:33 WARN  Could not load snapshot text for semanticdb
2022.01.16 08:33:33 WARN  Could not load snapshot text for semanticdb
2022.01.16 08:33:33 WARN  Could not load snapshot text for semanticdb
2022.01.16 08:33:33 WARN  Could not load snapshot text for semanticdb
2022.01.16 08:33:33 WARN  Could not load snapshot text for semanticdb
2022.01.16 08:33:35 WARN  Could not load snapshot text for semanticdb
2022.01.16 08:33:35 WARN  Could not load snapshot text for semanticdb
2022.01.16 08:33:35 WARN  Could not load snapshot text for semanticdb
2022.01.16 08:33:35 WARN  Could not load snapshot text for semanticdb
2022.01.16 08:33:35 WARN  Could not load snapshot text for semanticdb
2022.01.16 08:33:35 WARN  Could not load snapshot text for semanticdb
2022.01.16 08:33:35 WARN  Could not load snapshot text for semanticdb
2022.01.16 08:33:36 WARN  Could not load snapshot text for semanticdb
2022.01.16 08:33:37 WARN  Could not load snapshot text for semanticdb
2022.01.16 08:33:37 WARN  Could not load snapshot text for semanticdb
2022.01.16 08:33:37 WARN  Could not load snapshot text for semanticdb
2022.01.16 08:33:37 WARN  Could not load snapshot text for semanticdb
2022.01.16 08:33:37 WARN  Could not load snapshot text for semanticdb
2022.01.16 08:33:37 WARN  Could not load snapshot text for semanticdb
2022.01.16 08:33:37 WARN  Could not load snapshot text for semanticdb
2022.01.16 08:33:37 WARN  Could not load snapshot text for semanticdb
2022.01.16 08:33:38 WARN  Could not load snapshot text for semanticdb
2022.01.16 08:33:38 WARN  Could not load snapshot text for semanticdb
2022.01.16 08:33:38 WARN  Could not load snapshot text for semanticdb
2022.01.16 08:33:38 WARN  Could not load snapshot text for semanticdb
2022.01.16 08:33:39 WARN  Could not load snapshot text for semanticdb
2022.01.16 08:33:39 WARN  Could not load snapshot text for semanticdb
2022.01.16 08:33:39 WARN  Could not load snapshot text for semanticdb
2022.01.16 08:33:39 WARN  Could not load snapshot text for semanticdb
2022.01.16 08:33:39 WARN  Could not load snapshot text for semanticdb
2022.01.16 08:33:39 WARN  Could not load snapshot text for semanticdb
2022.01.16 08:33:40 WARN  Could not load snapshot text for semanticdb
2022.01.16 08:33:40 WARN  Could not load snapshot text for semanticdb
2022.01.16 08:33:39 WARN  Could not load snapshot text for semanticdb
2022.01.16 08:33:40 WARN  Could not load snapshot text for semanticdb
2022.01.16 08:33:39 WARN  Could not load snapshot text for semanticdb
2022.01.16 08:33:41 WARN  Could not load snapshot text for semanticdb
2022.01.16 08:33:40 WARN  Could not load snapshot text for semanticdb
2022.01.16 08:33:41 WARN  Could not load snapshot text for semanticdb
2022.01.16 08:33:40 WARN  Could not load snapshot text for semanticdb
2022.01.16 08:33:41 WARN  Could not load snapshot text for semanticdb
2022.01.16 08:33:41 WARN  Could not load snapshot text for semanticdb
2022.01.16 08:33:42 INFO  compiling root (1 scala source)
2022.01.16 08:33:42 WARN  Could not load snapshot text for semanticdb
2022.01.16 08:33:42 INFO  time: compiled root in 0.19s
2022.01.16 08:33:41 WARN  Could not load snapshot text for semanticdb
2022.01.16 08:33:41 WARN  Could not load snapshot text for semanticdb
2022.01.16 08:33:42 WARN  Could not load snapshot text for semanticdb
2022.01.16 08:33:43 WARN  Could not load snapshot text for semanticdb
2022.01.16 08:33:43 WARN  Could not load snapshot text for semanticdb
2022.01.16 08:33:43 WARN  Could not load snapshot text for semanticdb
2022.01.16 08:33:43 WARN  Could not load snapshot text for semanticdb
2022.01.16 08:33:43 WARN  Could not load snapshot text for semanticdb
2022.01.16 08:33:43 WARN  Could not load snapshot text for semanticdb
2022.01.16 08:33:43 WARN  Could not load snapshot text for semanticdb
2022.01.16 08:33:44 WARN  Could not load snapshot text for semanticdb
2022.01.16 08:33:44 WARN  Could not load snapshot text for semanticdb
2022.01.16 08:33:44 WARN  Could not load snapshot text for semanticdb
2022.01.16 08:33:45 WARN  Could not load snapshot text for semanticdb
2022.01.16 08:33:45 WARN  Could not load snapshot text for semanticdb
2022.01.16 08:33:44 WARN  Could not load snapshot text for semanticdb
2022.01.16 08:33:44 WARN  Could not load snapshot text for semanticdb
2022.01.16 08:33:44 WARN  Could not load snapshot text for semanticdb
2022.01.16 08:33:46 WARN  Could not load snapshot text for semanticdb
2022.01.16 08:33:46 WARN  Could not load snapshot text for semanticdb
2022.01.16 08:33:46 WARN  Could not load snapshot text for semanticdb
2022.01.16 08:33:46 WARN  Could not load snapshot text for semanticdb
2022.01.16 08:33:46 WARN  Could not load snapshot text for semanticdb
2022.01.16 08:33:47 INFO  compiling root (1 scala source)
2022.01.16 08:33:47 INFO  time: compiled root in 0.17s
2022.01.16 08:33:47 WARN  Could not load snapshot text for semanticdb
2022.01.16 08:33:48 WARN  Could not load snapshot text for semanticdb
2022.01.16 08:33:48 WARN  Could not load snapshot text for semanticdb
2022.01.16 08:33:48 WARN  Could not load snapshot text for semanticdb
2022.01.16 08:33:48 WARN  Could not load snapshot text for semanticdb
2022.01.16 08:33:49 WARN  Could not load snapshot text for semanticdb
2022.01.16 08:33:49 WARN  Could not load snapshot text for semanticdb
2022.01.16 08:33:48 WARN  Could not load snapshot text for semanticdb
2022.01.16 08:33:49 WARN  Could not load snapshot text for semanticdb
2022.01.16 08:33:49 WARN  Could not load snapshot text for semanticdb
2022.01.16 08:33:50 WARN  Could not load snapshot text for semanticdb
2022.01.16 08:33:49 WARN  Could not load snapshot text for semanticdb
2022.01.16 08:33:49 WARN  Could not load snapshot text for semanticdb
2022.01.16 08:33:49 WARN  Could not load snapshot text for semanticdb
2022.01.16 08:33:49 WARN  Could not load snapshot text for semanticdb
2022.01.16 08:33:50 WARN  Could not load snapshot text for semanticdb
2022.01.16 08:33:50 WARN  Could not load snapshot text for semanticdb
2022.01.16 08:33:51 WARN  Could not load snapshot text for semanticdb
2022.01.16 08:33:51 WARN  Could not load snapshot text for semanticdb
2022.01.16 08:33:51 WARN  Could not load snapshot text for semanticdb
2022.01.16 08:33:52 INFO  compiling root (1 scala source)
2022.01.16 08:33:52 WARN  Could not load snapshot text for semanticdb
2022.01.16 08:33:52 WARN  Could not load snapshot text for semanticdb
2022.01.16 08:33:52 INFO  time: compiled root in 0.19s
2022.01.16 08:33:54 WARN  Could not load snapshot text for semanticdb
2022.01.16 08:33:54 WARN  Could not load snapshot text for semanticdb
2022.01.16 08:33:54 WARN  Could not load snapshot text for semanticdb
2022.01.16 08:33:54 WARN  Could not load snapshot text for semanticdb
2022.01.16 08:33:55 WARN  Could not load snapshot text for semanticdb
2022.01.16 08:33:55 WARN  Could not load snapshot text for semanticdb
2022.01.16 08:33:55 WARN  Could not load snapshot text for semanticdb
2022.01.16 08:33:55 WARN  Could not load snapshot text for semanticdb
2022.01.16 08:33:56 INFO  compiling root (1 scala source)
2022.01.16 08:33:56 INFO  time: compiled root in 0.17s
2022.01.16 08:35:10 WARN  Could not load snapshot text for semanticdb
2022.01.16 08:37:05 WARN  Could not load snapshot text for semanticdb
2022.01.16 08:38:12 WARN  Could not load snapshot text for semanticdb
2022.01.16 08:38:18 WARN  Could not load snapshot text for semanticdb
2022.01.16 08:38:25 WARN  Could not load snapshot text for semanticdb
2022.01.16 08:38:25 WARN  Could not load snapshot text for semanticdb
2022.01.16 08:38:25 WARN  Could not load snapshot text for semanticdb
2022.01.16 08:38:44 WARN  Could not load snapshot text for semanticdb
2022.01.16 08:40:31 WARN  Could not load snapshot text for semanticdb
2022.01.16 08:40:32 WARN  Could not load snapshot text for semanticdb
2022.01.16 08:40:34 WARN  Could not load snapshot text for semanticdb
2022.01.16 08:40:34 WARN  Could not load snapshot text for semanticdb
2022.01.16 08:40:35 INFO  compiling root (1 scala source)
2022.01.16 08:40:35 INFO  time: compiled root in 0.2s
2022.01.16 08:40:37 WARN  Could not load snapshot text for semanticdb
2022.01.16 08:40:37 WARN  Could not load snapshot text for semanticdb
2022.01.16 08:40:37 WARN  Could not load snapshot text for semanticdb
2022.01.16 08:40:37 WARN  Could not load snapshot text for semanticdb
2022.01.16 08:40:37 WARN  Could not load snapshot text for semanticdb
2022.01.16 08:40:38 WARN  Could not load snapshot text for semanticdb
2022.01.16 08:40:38 INFO  compiling root (1 scala source)
2022.01.16 08:40:38 INFO  time: compiled root in 0.17s
2022.01.16 08:40:40 WARN  Could not load snapshot text for semanticdb
2022.01.16 08:40:40 WARN  Could not load snapshot text for semanticdb
2022.01.16 08:40:40 WARN  Could not load snapshot text for semanticdb
2022.01.16 08:40:41 WARN  Could not load snapshot text for semanticdb
2022.01.16 08:40:40 WARN  Could not load snapshot text for semanticdb
2022.01.16 08:40:40 WARN  Could not load snapshot text for semanticdb
2022.01.16 08:40:41 INFO  compiling root (1 scala source)
2022.01.16 08:40:41 INFO  time: compiled root in 0.17s
2022.01.16 08:40:50 WARN  Could not load snapshot text for semanticdb
2022.01.16 08:40:51 WARN  Could not load snapshot text for semanticdb
2022.01.16 08:40:51 WARN  Could not load snapshot text for semanticdb
2022.01.16 08:40:51 WARN  Could not load snapshot text for semanticdb
2022.01.16 08:40:51 WARN  Could not load snapshot text for semanticdb
2022.01.16 08:40:52 WARN  Could not load snapshot text for semanticdb
2022.01.16 08:40:52 WARN  Could not load snapshot text for semanticdb
2022.01.16 08:40:53 INFO  compiling root (1 scala source)
2022.01.16 08:40:53 INFO  time: compiled root in 0.87s
2022.01.16 08:40:58 INFO  compiling root (1 scala source)
2022.01.16 08:40:58 INFO  time: compiled root in 0.88s
2022.01.16 08:41:01 INFO  compiling root (1 scala source)
2022.01.16 08:41:01 INFO  time: compiled root in 0.19s
2022.01.16 08:41:07 INFO  compiling root (1 scala source)
2022.01.16 08:41:07 INFO  time: compiled root in 0.17s
2022.01.16 08:41:09 INFO  compiling root (1 scala source)
2022.01.16 08:41:09 INFO  time: compiled root in 0.18s
2022.01.16 08:41:11 INFO  compiling root (1 scala source)
2022.01.16 08:41:11 INFO  time: compiled root in 0.18s
2022.01.16 08:41:14 INFO  compiling root (1 scala source)
2022.01.16 08:41:14 INFO  time: compiled root in 0.87s
2022.01.16 08:45:22 INFO  compiling root (1 scala source)
2022.01.16 08:45:23 INFO  time: compiled root in 1.17s
2022.01.16 08:45:24 WARN  Could not load snapshot text for semanticdb
2022.01.16 08:45:25 WARN  Could not load snapshot text for semanticdb
2022.01.16 08:45:25 INFO  compiling root (1 scala source)
2022.01.16 08:45:25 WARN  Could not load snapshot text for semanticdb
2022.01.16 08:45:25 INFO  time: compiled root in 0.87s
2022.01.16 08:45:28 INFO  compiling root (1 scala source)
2022.01.16 08:45:28 INFO  time: compiled root in 0.85s
2022.01.16 08:45:31 INFO  compiling root (1 scala source)
2022.01.16 08:45:31 INFO  time: compiled root in 0.86s
2022.01.16 08:45:34 INFO  compiling root (1 scala source)
2022.01.16 08:45:34 INFO  time: compiled root in 0.86s
2022.01.16 08:45:37 INFO  compiling root (1 scala source)
2022.01.16 08:45:37 INFO  time: compiled root in 0.88s
2022.01.16 08:45:40 INFO  compiling root (1 scala source)
2022.01.16 08:45:40 INFO  time: compiled root in 0.88s
2022.01.16 08:45:46 INFO  compiling root (1 scala source)
2022.01.16 08:45:46 INFO  time: compiled root in 0.89s
2022.01.16 08:45:49 INFO  compiling root (1 scala source)
2022.01.16 08:45:50 INFO  time: compiled root in 1.15s
2022.01.16 08:45:52 INFO  compiling root (1 scala source)
2022.01.16 08:45:52 WARN  Could not load snapshot text for semanticdb
2022.01.16 08:45:52 INFO  time: compiled root in 0.9s
2022.01.16 08:45:55 INFO  compiling root (1 scala source)
2022.01.16 08:45:55 INFO  time: compiled root in 0.88s
2022.01.16 08:45:58 INFO  compiling root (1 scala source)
2022.01.16 08:45:58 INFO  time: compiled root in 0.86s
2022.01.16 08:46:02 INFO  compiling root (1 scala source)
2022.01.16 08:46:02 INFO  time: compiled root in 0.85s
2022.01.16 08:46:05 INFO  compiling root (1 scala source)
2022.01.16 08:46:06 INFO  time: compiled root in 1.16s
2022.01.16 08:46:27 INFO  compiling root (1 scala source)
2022.01.16 08:46:27 INFO  time: compiled root in 80ms
2022.01.16 08:46:30 INFO  compiling root (1 scala source)
2022.01.16 08:46:30 INFO  time: compiled root in 0.9s
2022.01.16 08:46:49 INFO  compiling root (1 scala source)
2022.01.16 08:46:49 INFO  time: compiled root in 0.18s
2022.01.16 08:46:52 INFO  compiling root (1 scala source)
2022.01.16 08:46:52 INFO  time: compiled root in 0.17s
2022.01.16 08:46:56 INFO  compiling root (1 scala source)
2022.01.16 08:46:56 INFO  time: compiled root in 0.85s
2022.01.16 08:47:01 INFO  compiling root (1 scala source)
2022.01.16 08:47:01 INFO  time: compiled root in 0.88s
Jan 16, 2022 8:47:02 AM scala.meta.internal.pc.CompletionProvider expected$1
WARNING: offset 1647, count -1, length 4103
2022.01.16 08:47:07 INFO  compiling root (1 scala source)
2022.01.16 08:47:07 INFO  time: compiled root in 0.88s
2022.01.16 08:49:45 INFO  compiling root (1 scala source)
2022.01.16 08:49:45 INFO  time: compiled root in 78ms
2022.01.16 08:49:49 INFO  compiling root (1 scala source)
2022.01.16 08:49:49 INFO  time: compiled root in 77ms
2022.01.16 08:49:55 INFO  compiling root (1 scala source)
2022.01.16 08:49:55 INFO  time: compiled root in 80ms
2022.01.16 08:49:58 INFO  compiling root (1 scala source)
2022.01.16 08:49:58 INFO  time: compiled root in 87ms
2022.01.16 08:50:06 INFO  compiling root (1 scala source)
2022.01.16 08:50:06 INFO  time: compiled root in 82ms
2022.01.16 08:50:10 INFO  compiling root (1 scala source)
2022.01.16 08:50:10 INFO  time: compiled root in 80ms
2022.01.16 08:50:13 INFO  compiling root (1 scala source)
2022.01.16 08:50:13 INFO  time: compiled root in 82ms
2022.01.16 08:50:18 INFO  compiling root (1 scala source)
2022.01.16 08:50:18 INFO  time: compiled root in 80ms
2022.01.16 08:50:27 INFO  compiling root (1 scala source)
2022.01.16 08:50:27 INFO  time: compiled root in 0.88s
2022.01.16 08:50:32 INFO  compiling root (1 scala source)
2022.01.16 08:50:32 INFO  time: compiled root in 0.88s
2022.01.16 08:50:42 INFO  compiling root (1 scala source)
2022.01.16 08:50:42 INFO  time: compiled root in 85ms
2022.01.16 08:50:44 INFO  compiling root (1 scala source)
2022.01.16 08:50:44 INFO  time: compiled root in 83ms
2022.01.16 08:50:48 INFO  compiling root (1 scala source)
2022.01.16 08:50:48 INFO  time: compiled root in 80ms
2022.01.16 08:50:51 INFO  compiling root (1 scala source)
2022.01.16 08:50:51 INFO  time: compiled root in 77ms
2022.01.16 08:50:56 INFO  compiling root (1 scala source)
2022.01.16 08:50:56 INFO  time: compiled root in 77ms
2022.01.16 08:50:59 INFO  compiling root (1 scala source)
2022.01.16 08:50:59 INFO  time: compiled root in 75ms
2022.01.16 08:51:06 INFO  compiling root (1 scala source)
2022.01.16 08:51:06 INFO  time: compiled root in 0.18s
2022.01.16 08:51:08 INFO  compiling root (1 scala source)
2022.01.16 08:51:08 INFO  time: compiled root in 0.18s
2022.01.16 08:51:14 INFO  compiling root (1 scala source)
2022.01.16 08:51:14 INFO  time: compiled root in 0.17s
2022.01.16 08:51:17 INFO  compiling root (1 scala source)
2022.01.16 08:51:17 INFO  time: compiled root in 0.17s
2022.01.16 08:51:26 INFO  compiling root (1 scala source)
2022.01.16 08:51:26 INFO  time: compiled root in 0.89s
2022.01.16 08:51:30 INFO  compiling root (1 scala source)
2022.01.16 08:51:30 INFO  time: compiled root in 0.89s
2022.01.16 08:51:43 INFO  compiling root (1 scala source)
2022.01.16 08:51:43 INFO  time: compiled root in 0.93s
2022.01.16 08:51:46 INFO  compiling root (1 scala source)
2022.01.16 08:51:46 WARN  Could not load snapshot text for semanticdb
2022.01.16 08:51:46 INFO  time: compiled root in 0.94s
2022.01.16 08:51:56 INFO  compiling root (1 scala source)
2022.01.16 08:51:56 INFO  time: compiled root in 0.9s
2022.01.16 08:52:07 INFO  compiling root (1 scala source)
2022.01.16 08:52:07 INFO  time: compiled root in 0.92s
2022.01.16 08:52:19 INFO  compiling root (1 scala source)
2022.01.16 08:52:19 INFO  time: compiled root in 0.94s
2022.01.16 08:52:22 INFO  compiling root (1 scala source)
2022.01.16 08:52:22 INFO  time: compiled root in 0.91s
2022.01.16 08:53:02 INFO  compiling root (1 scala source)
2022.01.16 08:53:02 INFO  time: compiled root in 0.91s
2022.01.16 11:32:15 INFO  tracing is disabled for protocol LSP, to enable tracing of incoming and outgoing JSON messages create an empty file at c:\Users\Titus\code\scala\mock-piq-v2\.metals\lsp.trace.json or C:\Users\Titus\AppData\Local\scalameta\metals\cache\lsp.trace.json
2022.01.16 20:22:55 INFO  tracing is disabled for protocol LSP, to enable tracing of incoming and outgoing JSON messages create an empty file at c:\Users\Titus\code\scala\mock-piq-v2\.metals\lsp.trace.json or C:\Users\Titus\AppData\Local\scalameta\metals\cache\lsp.trace.json
2022.01.16 20:22:56 INFO  logging to file C:\Users\Titus\code\scala\mock-piq-v2\.metals\metals.log
